Operating system: Microsoft Windows NT 6.2.9200.0
Opening INI file "F:\Documentos\Hacks de sonic\Beta Remakes\WCES Replica\SonLVL INI Files\SonLVL.ini"...
Game type is S1.
Loading Sparkling Zone Act 2...
Loading 256x256 chunks from file "../map256/SZ.bin", using compression Kosinski...
Loading palette file "../palette/Sonic.bin"...
Source: 0 Destination: 0 Length: 16
Loading 16x16 blocks from file "../map16/SZ.bin", using compression Uncompressed...
Loading palette file "../palette/Sparkling Zone.bin"...
Source: 0 Destination: 16 Length: 48
Loading 8x8 tiles from file "../artnem/8x8 - SZ.bin", using compression Nemesis...
Loading FG layout from file "../levels/sz2.bin", using compression Uncompressed...
Loading BG layout from file "../levels/szbg.bin", using compression Uncompressed...
Loading FG layout from file "../levels/sz1.bin", using compression Uncompressed...
Loading FG layout from file "../levels/sz3.bin", using compression Uncompressed...
Loading object definition file "obj.ini".
Loading object definition file "obj.ini".
Loading ObjectDefinition type S1ObjectDefinitions.Common.Ring from "Common\Ring.cs"...
Loading type from cached assembly "dllcache\S1ObjectDefinitions.Common.Ring.dll"...
Loading objects from file "../objpos/sz2.bin", using compression Uncompressed...
Loading start position "Level Start" from file "../startpos/sz2.bin"...
Drawing block bitmaps...
Drawing chunk bitmaps...
Level loaded in 0,6335604 second(s).
Load completed.
Saving Sparkling Zone Act 2...
Loading Marble Zone Act 2...
Loading palette file "../palette/Sonic.bin"...
Source: 0 Destination: 0 Length: 16
Loading 8x8 tiles from file "../artnem/8x8 - MZ.bin", using compression Nemesis...
Loading 256x256 chunks from file "../map256/MZ.bin", using compression Kosinski...
Loading 16x16 blocks from file "../map16/MZ.bin", using compression Uncompressed...
Loading FG layout from file "../levels/mz2.bin", using compression Uncompressed...
Loading palette file "../palette/Marble Zone.bin"...
Source: 0 Destination: 16 Length: 48
Loading BG layout from file "../levels/mzbg2.bin", using compression Uncompressed...
Loading FG layout from file "../levels/mz1.bin", using compression Uncompressed...
Loading BG layout from file "../levels/mzbg1.bin", using compression Uncompressed...
Loading FG layout from file "../levels/mz3.bin", using compression Uncompressed...
Loading BG layout from file "../levels/mzbg3.bin", using compression Uncompressed...
Loading object definition file "obj.ini".
Loading object definition file "obj.ini".
Loading ObjectDefinition type S1ObjectDefinitions.Common.Ring from "Common\Ring.cs"...
Loading type from cached assembly "dllcache\S1ObjectDefinitions.Common.Ring.dll"...
Loading objects from file "../objpos/mz2.bin", using compression Uncompressed...
Loading start position "Level Start" from file "../startpos/mz2.bin"...
Drawing block bitmaps...
Drawing chunk bitmaps...
Level loaded in 0,176778 second(s).
Load completed.
Saving Marble Zone Act 2...
Saving Marble Zone Act 2...
Saving Marble Zone Act 2...
Saving Marble Zone Act 2...
Saving Marble Zone Act 2...
Loading Marble Zone Act 1...
Loading 8x8 tiles from file "../artnem/8x8 - MZ.bin", using compression Nemesis...
Loading 16x16 blocks from file "../map16/MZ.bin", using compression Uncompressed...
Loading palette file "../palette/Sonic.bin"...
Source: 0 Destination: 0 Length: 16
Loading 256x256 chunks from file "../map256/MZ.bin", using compression Kosinski...
Loading FG layout from file "../levels/mz1.bin", using compression Uncompressed...
Loading BG layout from file "../levels/mzbg1.bin", using compression Uncompressed...
Loading palette file "../palette/Marble Zone.bin"...
Source: 0 Destination: 16 Length: 48
Loading FG layout from file "../levels/mz2.bin", using compression Uncompressed...
Loading BG layout from file "../levels/mzbg2.bin", using compression Uncompressed...
Loading FG layout from file "../levels/mz3.bin", using compression Uncompressed...
Loading BG layout from file "../levels/mzbg3.bin", using compression Uncompressed...
Loading object definition file "obj.ini".
Loading object definition file "obj.ini".
Loading ObjectDefinition type S1ObjectDefinitions.Common.Ring from "Common\Ring.cs"...
Loading type from cached assembly "dllcache\S1ObjectDefinitions.Common.Ring.dll"...
Loading start position "Level Start" from file "../startpos/mz1.bin"...
Loading objects from file "../objpos/mz1.bin", using compression Uncompressed...
Drawing block bitmaps...
Drawing chunk bitmaps...
Level loaded in 0,2003714 second(s).
Load completed.
Saving Marble Zone Act 1...
Loading Marble Zone Act 2...
Loading palette file "../palette/Sonic.bin"...
Source: 0 Destination: 0 Length: 16
Loading 256x256 chunks from file "../map256/MZ.bin", using compression Kosinski...
Loading 8x8 tiles from file "../artnem/8x8 - MZ.bin", using compression Nemesis...
Loading 16x16 blocks from file "../map16/MZ.bin", using compression Uncompressed...
Loading FG layout from file "../levels/mz2.bin", using compression Uncompressed...
Loading palette file "../palette/Marble Zone.bin"...
Source: 0 Destination: 16 Length: 48
Loading BG layout from file "../levels/mzbg2.bin", using compression Uncompressed...
Loading FG layout from file "../levels/mz1.bin", using compression Uncompressed...
Loading BG layout from file "../levels/mzbg1.bin", using compression Uncompressed...
Loading FG layout from file "../levels/mz3.bin", using compression Uncompressed...
Loading BG layout from file "../levels/mzbg3.bin", using compression Uncompressed...
Loading object definition file "obj.ini".
Loading object definition file "obj.ini".
Loading ObjectDefinition type S1ObjectDefinitions.Common.Ring from "Common\Ring.cs"...
Loading type from cached assembly "dllcache\S1ObjectDefinitions.Common.Ring.dll"...
Loading objects from file "../objpos/mz2.bin", using compression Uncompressed...
Loading start position "Level Start" from file "../startpos/mz2.bin"...
Drawing block bitmaps...
Drawing chunk bitmaps...
Level loaded in 0,1922123 second(s).
Load completed.
Saving Marble Zone Act 2...
Loading Marble Zone Act 1...
Loading 8x8 tiles from file "../artnem/8x8 - MZ.bin", using compression Nemesis...
Loading palette file "../palette/Sonic.bin"...
Source: 0 Destination: 0 Length: 16
Loading 16x16 blocks from file "../map16/MZ.bin", using compression Uncompressed...
Loading FG layout from file "../levels/mz1.bin", using compression Uncompressed...
Loading 256x256 chunks from file "../map256/MZ.bin", using compression Kosinski...
Loading palette file "../palette/Marble Zone.bin"...
Source: 0 Destination: 16 Length: 48
Loading BG layout from file "../levels/mzbg1.bin", using compression Uncompressed...
Loading FG layout from file "../levels/mz2.bin", using compression Uncompressed...
Loading BG layout from file "../levels/mzbg2.bin", using compression Uncompressed...
Loading FG layout from file "../levels/mz3.bin", using compression Uncompressed...
Loading BG layout from file "../levels/mzbg3.bin", using compression Uncompressed...
Loading object definition file "obj.ini".
Loading object definition file "obj.ini".
Loading ObjectDefinition type S1ObjectDefinitions.Common.Ring from "Common\Ring.cs"...
Loading type from cached assembly "dllcache\S1ObjectDefinitions.Common.Ring.dll"...
Loading start position "Level Start" from file "../startpos/mz1.bin"...
Loading objects from file "../objpos/mz1.bin", using compression Uncompressed...
Drawing block bitmaps...
Drawing chunk bitmaps...
Level loaded in 0,167039 second(s).
Load completed.
Saving Marble Zone Act 1...
Saving Marble Zone Act 1...
Saving Marble Zone Act 1...
Saving Marble Zone Act 1...
Loading Sparkling Zone Act 2...
Loading 8x8 tiles from file "../artnem/8x8 - SZ.bin", using compression Nemesis...
Loading 256x256 chunks from file "../map256/SZ.bin", using compression Kosinski...
Loading FG layout from file "../levels/sz2.bin", using compression Uncompressed...
Loading 16x16 blocks from file "../map16/SZ.bin", using compression Uncompressed...
Loading palette file "../palette/Sonic.bin"...
Source: 0 Destination: 0 Length: 16
Loading BG layout from file "../levels/szbg.bin", using compression Uncompressed...
Loading palette file "../palette/Sparkling Zone.bin"...
Source: 0 Destination: 16 Length: 48
Loading FG layout from file "../levels/sz1.bin", using compression Uncompressed...
Loading FG layout from file "../levels/sz3.bin", using compression Uncompressed...
Loading object definition file "obj.ini".
Loading object definition file "obj.ini".
Loading ObjectDefinition type S1ObjectDefinitions.Common.Ring from "Common\Ring.cs"...
Loading type from cached assembly "dllcache\S1ObjectDefinitions.Common.Ring.dll"...
Loading start position "Level Start" from file "../startpos/sz2.bin"...
Loading objects from file "../objpos/sz2.bin", using compression Uncompressed...
Drawing block bitmaps...
Drawing chunk bitmaps...
Level loaded in 0,2259429 second(s).
Load completed.
Saving Sparkling Zone Act 2...
Saving Sparkling Zone Act 2...
Saving Sparkling Zone Act 2...
Saving Sparkling Zone Act 2...
Saving Sparkling Zone Act 2...
Saving Sparkling Zone Act 2...
Saving Sparkling Zone Act 2...
Saving Sparkling Zone Act 2...
Saving Sparkling Zone Act 2...
Saving Sparkling Zone Act 2...
Saving Sparkling Zone Act 2...
Saving Sparkling Zone Act 2...
Saving Sparkling Zone Act 2...
Loading Sparkling Zone Act 2...
Loading 16x16 blocks from file "../map16/SZ.bin", using compression Uncompressed...
Loading 8x8 tiles from file "../artnem/8x8 - SZ.bin", using compression Nemesis...
Loading palette file "../palette/Sonic.bin"...
Source: 0 Destination: 0 Length: 16
Loading 256x256 chunks from file "../map256/SZ.bin", using compression Kosinski...
Loading FG layout from file "../levels/sz2.bin", using compression Uncompressed...
Loading palette file "../palette/Sparkling Zone.bin"...
Source: 0 Destination: 16 Length: 48
Loading BG layout from file "../levels/szbg.bin", using compression Uncompressed...
Loading FG layout from file "../levels/sz1.bin", using compression Uncompressed...
Loading FG layout from file "../levels/sz3.bin", using compression Uncompressed...
Loading object definition file "obj.ini".
Loading object definition file "obj.ini".
Loading ObjectDefinition type S1ObjectDefinitions.Common.Ring from "Common\Ring.cs"...
Loading type from cached assembly "dllcache\S1ObjectDefinitions.Common.Ring.dll"...
Loading start position "Level Start" from file "../startpos/sz2.bin"...
Loading objects from file "../objpos/sz2.bin", using compression Uncompressed...
Drawing block bitmaps...
Drawing chunk bitmaps...
Level loaded in 0,2374714 second(s).
Load completed.
Saving Sparkling Zone Act 2...
Saving Sparkling Zone Act 2...
Saving Sparkling Zone Act 2...
Saving Sparkling Zone Act 2...
Saving Sparkling Zone Act 2...
Saving Sparkling Zone Act 2...
Saving Sparkling Zone Act 2...
Loading Marble Zone Act 1...
Loading palette file "../palette/Sonic.bin"...
Source: 0 Destination: 0 Length: 16
Loading 8x8 tiles from file "../artnem/8x8 - MZ.bin", using compression Nemesis...
Loading 256x256 chunks from file "../map256/MZ.bin", using compression Kosinski...
Loading FG layout from file "../levels/mz1.bin", using compression Uncompressed...
Loading 16x16 blocks from file "../map16/MZ.bin", using compression Uncompressed...
Loading palette file "../palette/Marble Zone.bin"...
Source: 0 Destination: 16 Length: 48
Loading BG layout from file "../levels/mzbg1.bin", using compression Uncompressed...
Loading FG layout from file "../levels/mz2.bin", using compression Uncompressed...
Loading BG layout from file "../levels/mzbg2.bin", using compression Uncompressed...
Loading FG layout from file "../levels/mz3.bin", using compression Uncompressed...
Loading BG layout from file "../levels/mzbg3.bin", using compression Uncompressed...
Loading object definition file "obj.ini".
Loading object definition file "obj.ini".
Loading ObjectDefinition type S1ObjectDefinitions.Common.Ring from "Common\Ring.cs"...
Loading type from cached assembly "dllcache\S1ObjectDefinitions.Common.Ring.dll"...
Loading objects from file "../objpos/mz1.bin", using compression Uncompressed...
Loading start position "Level Start" from file "../startpos/mz1.bin"...
Drawing block bitmaps...
Drawing chunk bitmaps...
Level loaded in 0,208361 second(s).
Load completed.
Saving Marble Zone Act 1...
Saving Marble Zone Act 1...
Loading Sparkling Zone Act 2...
Loading 8x8 tiles from file "../artnem/8x8 - SZ.bin", using compression Nemesis...
Loading palette file "../palette/Sonic.bin"...
Source: 0 Destination: 0 Length: 16
Loading 16x16 blocks from file "../map16/SZ.bin", using compression Uncompressed...
Loading 256x256 chunks from file "../map256/SZ.bin", using compression Kosinski...
Loading FG layout from file "../levels/sz2.bin", using compression Uncompressed...
Loading palette file "../palette/Sparkling Zone.bin"...
Source: 0 Destination: 16 Length: 48
Loading BG layout from file "../levels/szbg.bin", using compression Uncompressed...
Loading FG layout from file "../levels/sz1.bin", using compression Uncompressed...
Loading FG layout from file "../levels/sz3.bin", using compression Uncompressed...
Loading object definition file "obj.ini".
Loading object definition file "obj.ini".
Loading ObjectDefinition type S1ObjectDefinitions.Common.Ring from "Common\Ring.cs"...
Loading type from cached assembly "dllcache\S1ObjectDefinitions.Common.Ring.dll"...
Loading start position "Level Start" from file "../startpos/sz2.bin"...
Loading objects from file "../objpos/sz2.bin", using compression Uncompressed...
Drawing block bitmaps...
Drawing chunk bitmaps...
Level loaded in 0,2694788 second(s).
Load completed.
Saving Sparkling Zone Act 2...
Saving Sparkling Zone Act 2...
Saving Sparkling Zone Act 2...
Saving Sparkling Zone Act 2...
Saving Sparkling Zone Act 2...
Saving Sparkling Zone Act 2...
Saving Sparkling Zone Act 2...
Saving Sparkling Zone Act 2...
Saving Sparkling Zone Act 2...
Saving Sparkling Zone Act 2...
Saving Sparkling Zone Act 2...
Saving Sparkling Zone Act 2...
Saving Sparkling Zone Act 2...
Saving Sparkling Zone Act 2...
Saving Sparkling Zone Act 2...
Saving Sparkling Zone Act 2...
Saving Sparkling Zone Act 2...
Saving Sparkling Zone Act 2...
Saving Sparkling Zone Act 2...
Saving Sparkling Zone Act 2...
Saving Sparkling Zone Act 2...
Saving Sparkling Zone Act 2...
Saving Sparkling Zone Act 2...
Saving Sparkling Zone Act 2...
Saving Sparkling Zone Act 2...
Saving Sparkling Zone Act 2...
Saving Sparkling Zone Act 2...
Saving Sparkling Zone Act 2...
Saving Sparkling Zone Act 2...
Saving Sparkling Zone Act 2...
Saving Sparkling Zone Act 2...
Saving Sparkling Zone Act 2...
Saving Sparkling Zone Act 2...
Saving Sparkling Zone Act 2...
Saving Sparkling Zone Act 2...
Saving Sparkling Zone Act 2...
Saving Sparkling Zone Act 2...
Saving Sparkling Zone Act 2...
Saving Sparkling Zone Act 2...
Saving Sparkling Zone Act 2...
Saving Sparkling Zone Act 2...
Saving Sparkling Zone Act 2...
Saving Sparkling Zone Act 2...
Saving Sparkling Zone Act 2...
Saving Sparkling Zone Act 2...
Saving Sparkling Zone Act 2...
Saving Sparkling Zone Act 2...
Saving Sparkling Zone Act 2...
Saving Sparkling Zone Act 2...
Saving Sparkling Zone Act 2...
Saving Sparkling Zone Act 2...
Saving Sparkling Zone Act 2...
Saving Sparkling Zone Act 2...
Saving Sparkling Zone Act 2...
Saving Sparkling Zone Act 2...
Saving Sparkling Zone Act 2...
Saving Sparkling Zone Act 2...
Saving Sparkling Zone Act 2...
Saving Sparkling Zone Act 2...
Saving Sparkling Zone Act 2...
Saving Sparkling Zone Act 2...
Saving Sparkling Zone Act 2...
Saving Sparkling Zone Act 2...
Saving Sparkling Zone Act 2...
Saving Sparkling Zone Act 2...
Saving Sparkling Zone Act 2...
Saving Sparkling Zone Act 2...
Saving Sparkling Zone Act 2...
Saving Sparkling Zone Act 2...
Saving Sparkling Zone Act 2...
Saving Sparkling Zone Act 2...
Saving Sparkling Zone Act 2...
Saving Sparkling Zone Act 2...
Saving Sparkling Zone Act 2...
Saving Sparkling Zone Act 2...
Saving Sparkling Zone Act 2...
Opening INI file "F:\Documentos\Hacks de sonic\Beta Remakes\WCES Replica\SonLVL INI Files\SonLVL.ini"...
Game type is S1.
Loading Sparkling Zone Act 2...
Loading palette file "../palette/Sonic.bin"...
Source: 0 Destination: 0 Length: 16
Loading 8x8 tiles from file "../artnem/8x8 - SZ.bin", using compression Nemesis...
Loading FG layout from file "../levels/sz2.bin", using compression Uncompressed...
Loading 16x16 blocks from file "../map16/SZ.bin", using compression Uncompressed...
Loading 256x256 chunks from file "../map256/SZ.bin", using compression Kosinski...
Loading BG layout from file "../levels/szbg.bin", using compression Uncompressed...
Loading palette file "../palette/Sparkling Zone.bin"...
Source: 0 Destination: 16 Length: 48
Loading FG layout from file "../levels/sz1.bin", using compression Uncompressed...
Loading FG layout from file "../levels/sz3.bin", using compression Uncompressed...
Loading object definition file "obj.ini".
Loading object definition file "obj.ini".
Loading ObjectDefinition type S1ObjectDefinitions.Common.Ring from "Common\Ring.cs"...
Loading type from cached assembly "dllcache\S1ObjectDefinitions.Common.Ring.dll"...
Unable to read file "../artnem/Spring Horizontal.bin" with compression Nemesis:
Unable to read file "../artnem/Spikes.bin" with compression Nemesis:
System.AggregateException: Se han producido uno o varios errores. ---> System.IO.FileNotFoundException: No se pudo encontrar el archivo 'F:\Documentos\Hacks de sonic\Beta Remakes\WCES Replica\artnem\Spring Horizontal.bin'.
   en System.IO.__Error.WinIOError(Int32 errorCode, String maybeFullPath)
   en System.IO.FileStream.Init(String path, FileMode mode, FileAccess access, Int32 rights, Boolean useRights, FileShare share, Int32 bufferSize, FileOptions options, SECURITY_ATTRIBUTES secAttrs, String msgPath, Boolean bFromProxy, Boolean useLongPath, Boolean checkHost)
   en System.IO.FileStream..ctor(String path, FileMode mode, FileAccess access, FileShare share)
   en SonicRetro.KensSharp.Nemesis.Decompress(String sourceFilePath)
   en SonicRetro.SonLVL.API.Compression.Decompress(String file, CompressionType cmp) en D:\Programs\SonLVL\SonLVLAPI\Compression.cs:línea 51
   en SonicRetro.SonLVL.API.LevelData.ReadFile(String file, CompressionType cmp) en D:\Programs\SonLVL\SonLVLAPI\LevelData.cs:línea 1638
   en SonicRetro.SonLVL.API.XMLObjectDefinition.Init(ObjectData data) en D:\Programs\SonLVL\SonLVLAPI\ObjectDefinition.cs:línea 705
   en SonicRetro.SonLVL.API.LevelData.<>c__DisplayClass102_0.<InitObjectDefinitions>b__0(KeyValuePair`2 group) en D:\Programs\SonLVL\SonLVLAPI\LevelData.cs:línea 1578
   en System.Threading.Tasks.Parallel.<>c__DisplayClass42_0`2.<PartitionerForEachWorker>b__1()
   en System.Threading.Tasks.Task.InnerInvoke()
   en System.Threading.Tasks.Task.InnerInvokeWithArg(Task childTask)
   en System.Threading.Tasks.Task.<>c__DisplayClass176_0.<ExecuteSelfReplicating>b__0(Object <p0>)
   --- Fin del seguimiento de la pila de la excepción interna ---
   en System.Threading.Tasks.Task.ThrowIfExceptional(Boolean includeTaskCanceledExceptions)
   en System.Threading.Tasks.Task.Wait(Int32 millisecondsTimeout, CancellationToken cancellationToken)
   en System.Threading.Tasks.Task.Wait()
   en System.Threading.Tasks.Parallel.PartitionerForEachWorker[TSource,TLocal](Partitioner`1 source, ParallelOptions parallelOptions, Action`1 simpleBody, Action`2 bodyWithState, Action`3 bodyWithStateAndIndex, Func`4 bodyWithStateAndLocal, Func`5 bodyWithEverything, Func`1 localInit, Action`1 localFinally)
   en System.Threading.Tasks.Parallel.ForEachWorker[TSource,TLocal](IEnumerable`1 source, ParallelOptions parallelOptions, Action`1 body, Action`2 bodyWithState, Action`3 bodyWithStateAndIndex, Func`4 bodyWithStateAndLocal, Func`5 bodyWithEverything, Func`1 localInit, Action`1 localFinally)
   en System.Threading.Tasks.Parallel.ForEach[TSource](IEnumerable`1 source, Action`1 body)
   en SonicRetro.SonLVL.API.LevelData.InitObjectDefinitions() en D:\Programs\SonLVL\SonLVLAPI\LevelData.cs:línea 1505
   en SonicRetro.SonLVL.API.LevelData.LoadLevel(String levelname, Boolean loadGraphics) en D:\Programs\SonLVL\SonLVLAPI\LevelData.cs:línea 319
   en SonicRetro.SonLVL.GUI.MainForm.backgroundLevelLoader_DoWork(Object sender, DoWorkEventArgs e) en D:\Programs\SonLVL\SonLVL\MainForm.cs:línea 574
---> (Nº de excepción interna 0) System.IO.FileNotFoundException: No se pudo encontrar el archivo 'F:\Documentos\Hacks de sonic\Beta Remakes\WCES Replica\artnem\Spring Horizontal.bin'.
Nombre de archivo: 'F:\Documentos\Hacks de sonic\Beta Remakes\WCES Replica\artnem\Spring Horizontal.bin'
   en System.IO.__Error.WinIOError(Int32 errorCode, String maybeFullPath)
   en System.IO.FileStream.Init(String path, FileMode mode, FileAccess access, Int32 rights, Boolean useRights, FileShare share, Int32 bufferSize, FileOptions options, SECURITY_ATTRIBUTES secAttrs, String msgPath, Boolean bFromProxy, Boolean useLongPath, Boolean checkHost)
   en System.IO.FileStream..ctor(String path, FileMode mode, FileAccess access, FileShare share)
   en SonicRetro.KensSharp.Nemesis.Decompress(String sourceFilePath)
   en SonicRetro.SonLVL.API.Compression.Decompress(String file, CompressionType cmp) en D:\Programs\SonLVL\SonLVLAPI\Compression.cs:línea 51
   en SonicRetro.SonLVL.API.LevelData.ReadFile(String file, CompressionType cmp) en D:\Programs\SonLVL\SonLVLAPI\LevelData.cs:línea 1638
   en SonicRetro.SonLVL.API.XMLObjectDefinition.Init(ObjectData data) en D:\Programs\SonLVL\SonLVLAPI\ObjectDefinition.cs:línea 705
   en SonicRetro.SonLVL.API.LevelData.<>c__DisplayClass102_0.<InitObjectDefinitions>b__0(KeyValuePair`2 group) en D:\Programs\SonLVL\SonLVLAPI\LevelData.cs:línea 1578
   en System.Threading.Tasks.Parallel.<>c__DisplayClass42_0`2.<PartitionerForEachWorker>b__1()
   en System.Threading.Tasks.Task.InnerInvoke()
   en System.Threading.Tasks.Task.InnerInvokeWithArg(Task childTask)
   en System.Threading.Tasks.Task.<>c__DisplayClass176_0.<ExecuteSelfReplicating>b__0(Object <p0>)<---

---> (Nº de excepción interna 1) System.IO.FileNotFoundException: No se pudo encontrar el archivo 'F:\Documentos\Hacks de sonic\Beta Remakes\WCES Replica\artnem\Spikes.bin'.
Nombre de archivo: 'F:\Documentos\Hacks de sonic\Beta Remakes\WCES Replica\artnem\Spikes.bin'
   en System.IO.__Error.WinIOError(Int32 errorCode, String maybeFullPath)
   en System.IO.FileStream.Init(String path, FileMode mode, FileAccess access, Int32 rights, Boolean useRights, FileShare share, Int32 bufferSize, FileOptions options, SECURITY_ATTRIBUTES secAttrs, String msgPath, Boolean bFromProxy, Boolean useLongPath, Boolean checkHost)
   en System.IO.FileStream..ctor(String path, FileMode mode, FileAccess access, FileShare share)
   en SonicRetro.KensSharp.Nemesis.Decompress(String sourceFilePath)
   en SonicRetro.SonLVL.API.Compression.Decompress(String file, CompressionType cmp) en D:\Programs\SonLVL\SonLVLAPI\Compression.cs:línea 51
   en SonicRetro.SonLVL.API.LevelData.ReadFile(String file, CompressionType cmp) en D:\Programs\SonLVL\SonLVLAPI\LevelData.cs:línea 1638
   en SonicRetro.SonLVL.API.XMLObjectDefinition.Init(ObjectData data) en D:\Programs\SonLVL\SonLVLAPI\ObjectDefinition.cs:línea 705
   en SonicRetro.SonLVL.API.LevelData.<>c__DisplayClass102_0.<InitObjectDefinitions>b__0(KeyValuePair`2 group) en D:\Programs\SonLVL\SonLVLAPI\LevelData.cs:línea 1578
   en System.Threading.Tasks.Parallel.<>c__DisplayClass42_0`2.<PartitionerForEachWorker>b__1()
   en System.Threading.Tasks.Task.InnerInvoke()
   en System.Threading.Tasks.Task.InnerInvokeWithArg(Task childTask)
   en System.Threading.Tasks.Task.<>c__DisplayClass176_0.<ExecuteSelfReplicating>b__0(Object <p0>)<---

---> (Nº de excepción interna 2) System.IO.FileNotFoundException: No se pudo encontrar el archivo 'F:\Documentos\Hacks de sonic\Beta Remakes\WCES Replica\_maps\Prison Capsule.asm'.
Nombre de archivo: 'F:\Documentos\Hacks de sonic\Beta Remakes\WCES Replica\_maps\Prison Capsule.asm'
   en System.IO.__Error.WinIOError(Int32 errorCode, String maybeFullPath)
   en System.IO.FileStream.Init(String path, FileMode mode, FileAccess access, Int32 rights, Boolean useRights, FileShare share, Int32 bufferSize, FileOptions options, SECURITY_ATTRIBUTES secAttrs, String msgPath, Boolean bFromProxy, Boolean useLongPath, Boolean checkHost)
   en System.IO.FileStream..ctor(String path, FileMode mode, FileAccess access, FileShare share, Int32 bufferSize, FileOptions options, String msgPath, Boolean bFromProxy, Boolean useLongPath, Boolean checkHost)
   en System.IO.StreamReader..ctor(String path, Encoding encoding, Boolean detectEncodingFromByteOrderMarks, Int32 bufferSize, Boolean checkHost)
   en System.IO.StreamReader..ctor(String path, Encoding encoding)
   en System.IO.File.InternalReadAllLines(String path, Encoding encoding)
   en System.IO.File.ReadAllLines(String path)
   en SonicRetro.SonLVL.API.LevelData.GetASMLabels(String file, Int32 sti, EngineVersion version) en D:\Programs\SonLVL\SonLVLAPI\LevelData.cs:línea 2026
   en SonicRetro.SonLVL.API.LevelData.ASMToBin(String file, Int32 sti, EngineVersion version, Dictionary`2& labels) en D:\Programs\SonLVL\SonLVLAPI\LevelData.cs:línea 1813
   en SonicRetro.SonLVL.API.ObjectHelper.MapASMToBmp(Byte[] artfile, String mapfileloc, Int32 frame, Int32 startpal, Boolean priority, EngineVersion version) en D:\Programs\SonLVL\SonLVLAPI\ObjectHelper.cs:línea 29
   en SonicRetro.SonLVL.API.XMLObjectDefinition.Init(ObjectData data) en D:\Programs\SonLVL\SonLVLAPI\ObjectDefinition.cs:línea 710
   en SonicRetro.SonLVL.API.LevelData.<>c__DisplayClass102_0.<InitObjectDefinitions>b__0(KeyValuePair`2 group) en D:\Programs\SonLVL\SonLVLAPI\LevelData.cs:línea 1578
   en System.Threading.Tasks.Parallel.<>c__DisplayClass42_0`2.<PartitionerForEachWorker>b__1()
   en System.Threading.Tasks.Task.InnerInvoke()
   en System.Threading.Tasks.Task.InnerInvokeWithArg(Task childTask)
   en System.Threading.Tasks.Task.<>c__DisplayClass176_0.<ExecuteSelfReplicating>b__0(Object <p0>)<---

Opening INI file "F:\Documentos\Hacks de sonic\Beta Remakes\WCES Replica\SonLVL INI Files\SonLVL.ini"...
Game type is S1.
Loading Sparkling Zone Act 2...
Loading palette file "../palette/Sonic.bin"...
Source: 0 Destination: 0 Length: 16
Loading 8x8 tiles from file "../artnem/8x8 - SZ.bin", using compression Nemesis...
Loading 256x256 chunks from file "../map256/SZ.bin", using compression Kosinski...
Loading 16x16 blocks from file "../map16/SZ.bin", using compression Uncompressed...
Loading FG layout from file "../levels/sz2.bin", using compression Uncompressed...
Loading palette file "../palette/Sparkling Zone.bin"...
Source: 0 Destination: 16 Length: 48
Loading BG layout from file "../levels/szbg.bin", using compression Uncompressed...
Loading FG layout from file "../levels/sz1.bin", using compression Uncompressed...
Loading FG layout from file "../levels/sz3.bin", using compression Uncompressed...
Loading object definition file "obj.ini".
Loading object definition file "obj.ini".
Loading ObjectDefinition type S1ObjectDefinitions.Common.Ring from "Common\Ring.cs"...
Loading type from cached assembly "dllcache\S1ObjectDefinitions.Common.Ring.dll"...
Loading start position "Level Start" from file "../startpos/sz2.bin"...
Loading objects from file "../objpos/sz2.bin", using compression Uncompressed...
Drawing block bitmaps...
Drawing chunk bitmaps...
Level loaded in 0,2255981 second(s).
Load completed.
Opening INI file "F:\Documentos\Hacks de sonic\Beta Remakes\WCES Replica\SonLVL INI Files\SonLVL.ini"...
Game type is S1.
Loading Sparkling Zone Act 2...
Loading palette file "../palette/Sonic.bin"...
Source: 0 Destination: 0 Length: 16
Loading 8x8 tiles from file "../artnem/8x8 - SZ.bin", using compression Nemesis...
Loading FG layout from file "../levels/sz2.bin", using compression Uncompressed...
Loading 16x16 blocks from file "../map16/SZ.bin", using compression Uncompressed...
Loading 256x256 chunks from file "../map256/SZ.bin", using compression Kosinski...
Loading palette file "../palette/Sparkling Zone.bin"...
Source: 0 Destination: 16 Length: 48
Loading BG layout from file "../levels/szbg.bin", using compression Uncompressed...
Loading FG layout from file "../levels/sz1.bin", using compression Uncompressed...
Loading FG layout from file "../levels/sz3.bin", using compression Uncompressed...
Loading object definition file "obj.ini".
Loading object definition file "obj.ini".
Loading ObjectDefinition type S1ObjectDefinitions.Common.Ring from "Common\Ring.cs"...
Loading type from cached assembly "dllcache\S1ObjectDefinitions.Common.Ring.dll"...
Loading objects from file "../objpos/sz2.bin", using compression Uncompressed...
Loading start position "Level Start" from file "../startpos/sz2.bin"...
Drawing block bitmaps...
Drawing chunk bitmaps...
Level loaded in 0,2215211 second(s).
Load completed.
Saving Sparkling Zone Act 2...
Saving Sparkling Zone Act 2...
Opening INI file "F:\Documentos\Hacks de sonic\Beta Remakes\WCES Replica\SonLVL INI Files\SonLVL.ini"...
Game type is S1.
Loading Sparkling Zone Act 2...
Loading 16x16 blocks from file "../map16/SZ.bin", using compression Uncompressed...
Loading 8x8 tiles from file "../artnem/8x8 - SZ.bin", using compression Nemesis...
Loading palette file "../palette/Sonic.bin"...
Source: 0 Destination: 0 Length: 16
Loading FG layout from file "../levels/sz2.bin", using compression Uncompressed...
Loading 256x256 chunks from file "../map256/SZ.bin", using compression Kosinski...
Loading BG layout from file "../levels/szbg.bin", using compression Uncompressed...
Loading palette file "../palette/Sparkling Zone.bin"...
Source: 0 Destination: 16 Length: 48
Loading FG layout from file "../levels/sz1.bin", using compression Uncompressed...
Loading FG layout from file "../levels/sz3.bin", using compression Uncompressed...
Loading object definition file "obj.ini".
Loading object definition file "objSZ.ini".
Loading ObjectDefinition type S1ObjectDefinitions.Common.Ring from "Common\Ring.cs"...
Loading type from cached assembly "dllcache\S1ObjectDefinitions.Common.Ring.dll"...
Error loading object definition Siren Light:
System.IO.FileNotFoundException: No se pudo encontrar el archivo 'F:\Documentos\Hacks de sonic\Beta Remakes\WCES Replica\_maps\Light.asm'.
Nombre de archivo: 'F:\Documentos\Hacks de sonic\Beta Remakes\WCES Replica\_maps\Light.asm'
   en System.IO.__Error.WinIOError(Int32 errorCode, String maybeFullPath)
   en System.IO.FileStream.Init(String path, FileMode mode, FileAccess access, Int32 rights, Boolean useRights, FileShare share, Int32 bufferSize, FileOptions options, SECURITY_ATTRIBUTES secAttrs, String msgPath, Boolean bFromProxy, Boolean useLongPath, Boolean checkHost)
   en System.IO.FileStream..ctor(String path, FileMode mode, FileAccess access, FileShare share, Int32 bufferSize, FileOptions options, String msgPath, Boolean bFromProxy, Boolean useLongPath, Boolean checkHost)
   en System.IO.StreamReader..ctor(String path, Encoding encoding, Boolean detectEncodingFromByteOrderMarks, Int32 bufferSize, Boolean checkHost)
   en System.IO.StreamReader..ctor(String path, Encoding encoding)
   en System.IO.File.InternalReadAllLines(String path, Encoding encoding)
   en System.IO.File.ReadAllLines(String path)
   en SonicRetro.SonLVL.API.LevelData.GetASMLabels(String file, Int32 sti, EngineVersion version) en D:\Programs\SonLVL\SonLVLAPI\LevelData.cs:línea 2026
   en SonicRetro.SonLVL.API.LevelData.ASMToBin(String file, Int32 sti, EngineVersion version, Dictionary`2& labels) en D:\Programs\SonLVL\SonLVLAPI\LevelData.cs:línea 1813
   en SonicRetro.SonLVL.API.ObjectHelper.MapASMToBmp(Byte[] artfile, String mapfileloc, Int32 frame, Int32 startpal, Boolean priority, EngineVersion version) en D:\Programs\SonLVL\SonLVLAPI\ObjectHelper.cs:línea 29
   en SonicRetro.SonLVL.API.DefaultObjectDefinition.Init(ObjectData data) en D:\Programs\SonLVL\SonLVLAPI\ObjectDefinition.cs:línea 532
Error loading object definition Crabmeat:
System.IO.FileNotFoundException: No se pudo encontrar el archivo 'F:\Documentos\Hacks de sonic\Beta Remakes\WCES Replica\_maps\Crabmeat.asm'.
Nombre de archivo: 'F:\Documentos\Hacks de sonic\Beta Remakes\WCES Replica\_maps\Crabmeat.asm'
   en System.IO.__Error.WinIOError(Int32 errorCode, String maybeFullPath)
   en System.IO.FileStream.Init(String path, FileMode mode, FileAccess access, Int32 rights, Boolean useRights, FileShare share, Int32 bufferSize, FileOptions options, SECURITY_ATTRIBUTES secAttrs, String msgPath, Boolean bFromProxy, Boolean useLongPath, Boolean checkHost)
   en System.IO.FileStream..ctor(String path, FileMode mode, FileAccess access, FileShare share, Int32 bufferSize, FileOptions options, String msgPath, Boolean bFromProxy, Boolean useLongPath, Boolean checkHost)
   en System.IO.StreamReader..ctor(String path, Encoding encoding, Boolean detectEncodingFromByteOrderMarks, Int32 bufferSize, Boolean checkHost)
   en System.IO.StreamReader..ctor(String path, Encoding encoding)
   en System.IO.File.InternalReadAllLines(String path, Encoding encoding)
   en System.IO.File.ReadAllLines(String path)
   en SonicRetro.SonLVL.API.LevelData.GetASMLabels(String file, Int32 sti, EngineVersion version) en D:\Programs\SonLVL\SonLVLAPI\LevelData.cs:línea 2026
   en SonicRetro.SonLVL.API.LevelData.ASMToBin(String file, Int32 sti, EngineVersion version, Dictionary`2& labels) en D:\Programs\SonLVL\SonLVLAPI\LevelData.cs:línea 1813
   en SonicRetro.SonLVL.API.ObjectHelper.MapASMToBmp(Byte[] artfile, String mapfileloc, Int32 frame, Int32 startpal, Boolean priority, EngineVersion version) en D:\Programs\SonLVL\SonLVLAPI\ObjectHelper.cs:línea 29
   en SonicRetro.SonLVL.API.DefaultObjectDefinition.Init(ObjectData data) en D:\Programs\SonLVL\SonLVLAPI\ObjectDefinition.cs:línea 532
Error loading object definition Buzz Bomber:
System.IO.FileNotFoundException: No se pudo encontrar el archivo 'F:\Documentos\Hacks de sonic\Beta Remakes\WCES Replica\_maps\Buzz Bomber.asm'.
Nombre de archivo: 'F:\Documentos\Hacks de sonic\Beta Remakes\WCES Replica\_maps\Buzz Bomber.asm'
   en System.IO.__Error.WinIOError(Int32 errorCode, String maybeFullPath)
   en System.IO.FileStream.Init(String path, FileMode mode, FileAccess access, Int32 rights, Boolean useRights, FileShare share, Int32 bufferSize, FileOptions options, SECURITY_ATTRIBUTES secAttrs, String msgPath, Boolean bFromProxy, Boolean useLongPath, Boolean checkHost)
   en System.IO.FileStream..ctor(String path, FileMode mode, FileAccess access, FileShare share, Int32 bufferSize, FileOptions options, String msgPath, Boolean bFromProxy, Boolean useLongPath, Boolean checkHost)
   en System.IO.StreamReader..ctor(String path, Encoding encoding, Boolean detectEncodingFromByteOrderMarks, Int32 bufferSize, Boolean checkHost)
   en System.IO.StreamReader..ctor(String path, Encoding encoding)
   en System.IO.File.InternalReadAllLines(String path, Encoding encoding)
   en System.IO.File.ReadAllLines(String path)
   en SonicRetro.SonLVL.API.LevelData.GetASMLabels(String file, Int32 sti, EngineVersion version) en D:\Programs\SonLVL\SonLVLAPI\LevelData.cs:línea 2026
   en SonicRetro.SonLVL.API.LevelData.ASMToBin(String file, Int32 sti, EngineVersion version, Dictionary`2& labels) en D:\Programs\SonLVL\SonLVLAPI\LevelData.cs:línea 1813
   en SonicRetro.SonLVL.API.ObjectHelper.MapASMToBmp(Byte[] artfile, String mapfileloc, Int32 frame, Int32 startpal, Boolean priority, EngineVersion version) en D:\Programs\SonLVL\SonLVLAPI\ObjectHelper.cs:línea 29
   en SonicRetro.SonLVL.API.DefaultObjectDefinition.Init(ObjectData data) en D:\Programs\SonLVL\SonLVLAPI\ObjectDefinition.cs:línea 532
Unable to read file "../artnem/SYZ Bumper.bin" with compression Nemesis:
Error loading object definition Bumper:
System.IO.FileNotFoundException: No se pudo encontrar el archivo 'F:\Documentos\Hacks de sonic\Beta Remakes\WCES Replica\artnem\SYZ Bumper.bin'.
Nombre de archivo: 'F:\Documentos\Hacks de sonic\Beta Remakes\WCES Replica\artnem\SYZ Bumper.bin'
   en System.IO.__Error.WinIOError(Int32 errorCode, String maybeFullPath)
   en System.IO.FileStream.Init(String path, FileMode mode, FileAccess access, Int32 rights, Boolean useRights, FileShare share, Int32 bufferSize, FileOptions options, SECURITY_ATTRIBUTES secAttrs, String msgPath, Boolean bFromProxy, Boolean useLongPath, Boolean checkHost)
   en System.IO.FileStream..ctor(String path, FileMode mode, FileAccess access, FileShare share)
   en SonicRetro.KensSharp.Nemesis.Decompress(String sourceFilePath)
   en SonicRetro.SonLVL.API.Compression.Decompress(String file, CompressionType cmp) en D:\Programs\SonLVL\SonLVLAPI\Compression.cs:línea 51
   en SonicRetro.SonLVL.API.LevelData.ReadFile(String file, CompressionType cmp) en D:\Programs\SonLVL\SonLVLAPI\LevelData.cs:línea 1638
   en SonicRetro.SonLVL.API.DefaultObjectDefinition.Init(ObjectData data) en D:\Programs\SonLVL\SonLVLAPI\ObjectDefinition.cs:línea 509
Loading ObjectDefinition type S1ObjectDefinitions.SYZ.Block from "SYZ\Block.cs"...
Compiling code file...
Error loading object definition Roller:
System.IO.FileNotFoundException: No se pudo encontrar el archivo 'F:\Documentos\Hacks de sonic\Beta Remakes\WCES Replica\_maps\Roller.asm'.
Nombre de archivo: 'F:\Documentos\Hacks de sonic\Beta Remakes\WCES Replica\_maps\Roller.asm'
   en System.IO.__Error.WinIOError(Int32 errorCode, String maybeFullPath)
   en System.IO.FileStream.Init(String path, FileMode mode, FileAccess access, Int32 rights, Boolean useRights, FileShare share, Int32 bufferSize, FileOptions options, SECURITY_ATTRIBUTES secAttrs, String msgPath, Boolean bFromProxy, Boolean useLongPath, Boolean checkHost)
   en System.IO.FileStream..ctor(String path, FileMode mode, FileAccess access, FileShare share, Int32 bufferSize, FileOptions options, String msgPath, Boolean bFromProxy, Boolean useLongPath, Boolean checkHost)
   en System.IO.StreamReader..ctor(String path, Encoding encoding, Boolean detectEncodingFromByteOrderMarks, Int32 bufferSize, Boolean checkHost)
   en System.IO.StreamReader..ctor(String path, Encoding encoding)
   en System.IO.File.InternalReadAllLines(String path, Encoding encoding)
   en System.IO.File.ReadAllLines(String path)
   en SonicRetro.SonLVL.API.LevelData.GetASMLabels(String file, Int32 sti, EngineVersion version) en D:\Programs\SonLVL\SonLVLAPI\LevelData.cs:línea 2026
   en SonicRetro.SonLVL.API.LevelData.ASMToBin(String file, Int32 sti, EngineVersion version, Dictionary`2& labels) en D:\Programs\SonLVL\SonLVLAPI\LevelData.cs:línea 1813
   en SonicRetro.SonLVL.API.ObjectHelper.MapASMToBmp(Byte[] artfile, String mapfileloc, Int32 frame, Int32 startpal, Boolean priority, EngineVersion version) en D:\Programs\SonLVL\SonLVLAPI\ObjectHelper.cs:línea 29
   en SonicRetro.SonLVL.API.DefaultObjectDefinition.Init(ObjectData data) en D:\Programs\SonLVL\SonLVLAPI\ObjectDefinition.cs:línea 532
Loading ObjectDefinition type S1ObjectDefinitions.SYZ.BigSpikedBall from "SYZ\BigSpikedBall.cs"...
Compiling code file...
Error loading object definition Yadrin:
System.IO.FileNotFoundException: No se pudo encontrar el archivo 'F:\Documentos\Hacks de sonic\Beta Remakes\WCES Replica\_maps\Yadrin.asm'.
Nombre de archivo: 'F:\Documentos\Hacks de sonic\Beta Remakes\WCES Replica\_maps\Yadrin.asm'
   en System.IO.__Error.WinIOError(Int32 errorCode, String maybeFullPath)
   en System.IO.FileStream.Init(String path, FileMode mode, FileAccess access, Int32 rights, Boolean useRights, FileShare share, Int32 bufferSize, FileOptions options, SECURITY_ATTRIBUTES secAttrs, String msgPath, Boolean bFromProxy, Boolean useLongPath, Boolean checkHost)
   en System.IO.FileStream..ctor(String path, FileMode mode, FileAccess access, FileShare share, Int32 bufferSize, FileOptions options, String msgPath, Boolean bFromProxy, Boolean useLongPath, Boolean checkHost)
   en System.IO.StreamReader..ctor(String path, Encoding encoding, Boolean detectEncodingFromByteOrderMarks, Int32 bufferSize, Boolean checkHost)
   en System.IO.StreamReader..ctor(String path, Encoding encoding)
   en System.IO.File.InternalReadAllLines(String path, Encoding encoding)
   en System.IO.File.ReadAllLines(String path)
   en SonicRetro.SonLVL.API.LevelData.GetASMLabels(String file, Int32 sti, EngineVersion version) en D:\Programs\SonLVL\SonLVLAPI\LevelData.cs:línea 2026
   en SonicRetro.SonLVL.API.LevelData.ASMToBin(String file, Int32 sti, EngineVersion version, Dictionary`2& labels) en D:\Programs\SonLVL\SonLVLAPI\LevelData.cs:línea 1813
   en SonicRetro.SonLVL.API.ObjectHelper.MapASMToBmp(Byte[] artfile, String mapfileloc, Int32 frame, Int32 startpal, Boolean priority, EngineVersion version) en D:\Programs\SonLVL\SonLVLAPI\ObjectHelper.cs:línea 29
   en SonicRetro.SonLVL.API.DefaultObjectDefinition.Init(ObjectData data) en D:\Programs\SonLVL\SonLVLAPI\ObjectDefinition.cs:línea 532
Unable to read file "../artnem/Switch.bin" with compression Nemesis:
System.AggregateException: Se han producido uno o varios errores. ---> System.IO.DirectoryNotFoundException: No se puede encontrar una parte de la ruta de acceso 'F:\Documentos\Hacks de sonic\Beta Remakes\WCES Replica\SonLVL INI Files\SYZ\Block.cs'.
   en System.IO.__Error.WinIOError(Int32 errorCode, String maybeFullPath)
   en System.IO.FileStream.Init(String path, FileMode mode, FileAccess access, Int32 rights, Boolean useRights, FileShare share, Int32 bufferSize, FileOptions options, SECURITY_ATTRIBUTES secAttrs, String msgPath, Boolean bFromProxy, Boolean useLongPath, Boolean checkHost)
   en System.IO.FileStream..ctor(String path, FileMode mode, FileAccess access, FileShare share)
   en Microsoft.CSharp.CSharpCodeGenerator.System.CodeDom.Compiler.ICodeCompiler.CompileAssemblyFromFileBatch(CompilerParameters options, String[] fileNames)
   en System.CodeDom.Compiler.CodeDomProvider.CompileAssemblyFromFile(CompilerParameters options, String[] fileNames)
   en SonicRetro.SonLVL.API.LevelData.<>c__DisplayClass102_0.<InitObjectDefinitions>b__0(KeyValuePair`2 group) en D:\Programs\SonLVL\SonLVLAPI\LevelData.cs:línea 1554
   en System.Threading.Tasks.Parallel.<>c__DisplayClass42_0`2.<PartitionerForEachWorker>b__1()
   en System.Threading.Tasks.Task.InnerInvoke()
   en System.Threading.Tasks.Task.InnerInvokeWithArg(Task childTask)
   en System.Threading.Tasks.Task.<>c__DisplayClass176_0.<ExecuteSelfReplicating>b__0(Object <p0>)
   --- Fin del seguimiento de la pila de la excepción interna ---
   en System.Threading.Tasks.Task.ThrowIfExceptional(Boolean includeTaskCanceledExceptions)
   en System.Threading.Tasks.Task.Wait(Int32 millisecondsTimeout, CancellationToken cancellationToken)
   en System.Threading.Tasks.Task.Wait()
   en System.Threading.Tasks.Parallel.PartitionerForEachWorker[TSource,TLocal](Partitioner`1 source, ParallelOptions parallelOptions, Action`1 simpleBody, Action`2 bodyWithState, Action`3 bodyWithStateAndIndex, Func`4 bodyWithStateAndLocal, Func`5 bodyWithEverything, Func`1 localInit, Action`1 localFinally)
   en System.Threading.Tasks.Parallel.ForEachWorker[TSource,TLocal](IEnumerable`1 source, ParallelOptions parallelOptions, Action`1 body, Action`2 bodyWithState, Action`3 bodyWithStateAndIndex, Func`4 bodyWithStateAndLocal, Func`5 bodyWithEverything, Func`1 localInit, Action`1 localFinally)
   en System.Threading.Tasks.Parallel.ForEach[TSource](IEnumerable`1 source, Action`1 body)
   en SonicRetro.SonLVL.API.LevelData.InitObjectDefinitions() en D:\Programs\SonLVL\SonLVLAPI\LevelData.cs:línea 1505
   en SonicRetro.SonLVL.API.LevelData.LoadLevel(String levelname, Boolean loadGraphics) en D:\Programs\SonLVL\SonLVLAPI\LevelData.cs:línea 319
   en SonicRetro.SonLVL.GUI.MainForm.backgroundLevelLoader_DoWork(Object sender, DoWorkEventArgs e) en D:\Programs\SonLVL\SonLVL\MainForm.cs:línea 574
---> (Nº de excepción interna 0) System.IO.DirectoryNotFoundException: No se puede encontrar una parte de la ruta de acceso 'F:\Documentos\Hacks de sonic\Beta Remakes\WCES Replica\SonLVL INI Files\SYZ\Block.cs'.
   en System.IO.__Error.WinIOError(Int32 errorCode, String maybeFullPath)
   en System.IO.FileStream.Init(String path, FileMode mode, FileAccess access, Int32 rights, Boolean useRights, FileShare share, Int32 bufferSize, FileOptions options, SECURITY_ATTRIBUTES secAttrs, String msgPath, Boolean bFromProxy, Boolean useLongPath, Boolean checkHost)
   en System.IO.FileStream..ctor(String path, FileMode mode, FileAccess access, FileShare share)
   en Microsoft.CSharp.CSharpCodeGenerator.System.CodeDom.Compiler.ICodeCompiler.CompileAssemblyFromFileBatch(CompilerParameters options, String[] fileNames)
   en System.CodeDom.Compiler.CodeDomProvider.CompileAssemblyFromFile(CompilerParameters options, String[] fileNames)
   en SonicRetro.SonLVL.API.LevelData.<>c__DisplayClass102_0.<InitObjectDefinitions>b__0(KeyValuePair`2 group) en D:\Programs\SonLVL\SonLVLAPI\LevelData.cs:línea 1554
   en System.Threading.Tasks.Parallel.<>c__DisplayClass42_0`2.<PartitionerForEachWorker>b__1()
   en System.Threading.Tasks.Task.InnerInvoke()
   en System.Threading.Tasks.Task.InnerInvokeWithArg(Task childTask)
   en System.Threading.Tasks.Task.<>c__DisplayClass176_0.<ExecuteSelfReplicating>b__0(Object <p0>)<---

---> (Nº de excepción interna 1) System.IO.DirectoryNotFoundException: No se puede encontrar una parte de la ruta de acceso 'F:\Documentos\Hacks de sonic\Beta Remakes\WCES Replica\SonLVL INI Files\SYZ\BigSpikedBall.cs'.
   en System.IO.__Error.WinIOError(Int32 errorCode, String maybeFullPath)
   en System.IO.FileStream.Init(String path, FileMode mode, FileAccess access, Int32 rights, Boolean useRights, FileShare share, Int32 bufferSize, FileOptions options, SECURITY_ATTRIBUTES secAttrs, String msgPath, Boolean bFromProxy, Boolean useLongPath, Boolean checkHost)
   en System.IO.FileStream..ctor(String path, FileMode mode, FileAccess access, FileShare share)
   en Microsoft.CSharp.CSharpCodeGenerator.System.CodeDom.Compiler.ICodeCompiler.CompileAssemblyFromFileBatch(CompilerParameters options, String[] fileNames)
   en System.CodeDom.Compiler.CodeDomProvider.CompileAssemblyFromFile(CompilerParameters options, String[] fileNames)
   en SonicRetro.SonLVL.API.LevelData.<>c__DisplayClass102_0.<InitObjectDefinitions>b__0(KeyValuePair`2 group) en D:\Programs\SonLVL\SonLVLAPI\LevelData.cs:línea 1554
   en System.Threading.Tasks.Parallel.<>c__DisplayClass42_0`2.<PartitionerForEachWorker>b__1()
   en System.Threading.Tasks.Task.InnerInvoke()
   en System.Threading.Tasks.Task.InnerInvokeWithArg(Task childTask)
   en System.Threading.Tasks.Task.<>c__DisplayClass176_0.<ExecuteSelfReplicating>b__0(Object <p0>)<---

---> (Nº de excepción interna 2) System.IO.FileNotFoundException: No se pudo encontrar el archivo 'F:\Documentos\Hacks de sonic\Beta Remakes\WCES Replica\artnem\Switch.bin'.
Nombre de archivo: 'F:\Documentos\Hacks de sonic\Beta Remakes\WCES Replica\artnem\Switch.bin'
   en System.IO.__Error.WinIOError(Int32 errorCode, String maybeFullPath)
   en System.IO.FileStream.Init(String path, FileMode mode, FileAccess access, Int32 rights, Boolean useRights, FileShare share, Int32 bufferSize, FileOptions options, SECURITY_ATTRIBUTES secAttrs, String msgPath, Boolean bFromProxy, Boolean useLongPath, Boolean checkHost)
   en System.IO.FileStream..ctor(String path, FileMode mode, FileAccess access, FileShare share)
   en SonicRetro.KensSharp.Nemesis.Decompress(String sourceFilePath)
   en SonicRetro.SonLVL.API.Compression.Decompress(String file, CompressionType cmp) en D:\Programs\SonLVL\SonLVLAPI\Compression.cs:línea 51
   en SonicRetro.SonLVL.API.LevelData.ReadFile(String file, CompressionType cmp) en D:\Programs\SonLVL\SonLVLAPI\LevelData.cs:línea 1638
   en SonicRetro.SonLVL.API.XMLObjectDefinition.Init(ObjectData data) en D:\Programs\SonLVL\SonLVLAPI\ObjectDefinition.cs:línea 705
   en SonicRetro.SonLVL.API.LevelData.<>c__DisplayClass102_0.<InitObjectDefinitions>b__0(KeyValuePair`2 group) en D:\Programs\SonLVL\SonLVLAPI\LevelData.cs:línea 1578
   en System.Threading.Tasks.Parallel.<>c__DisplayClass42_0`2.<PartitionerForEachWorker>b__1()
   en System.Threading.Tasks.Task.InnerInvoke()
   en System.Threading.Tasks.Task.InnerInvokeWithArg(Task childTask)
   en System.Threading.Tasks.Task.<>c__DisplayClass176_0.<ExecuteSelfReplicating>b__0(Object <p0>)<---

---> (Nº de excepción interna 3) System.InvalidOperationException: Error en el documento XML (0, 0). ---> System.IO.DirectoryNotFoundException: No se puede encontrar una parte de la ruta de acceso 'F:\Documentos\Hacks de sonic\Beta Remakes\WCES Replica\SonLVL INI Files\SYZ\Platform.xml'.
   en System.IO.__Error.WinIOError(Int32 errorCode, String maybeFullPath)
   en System.IO.FileStream.Init(String path, FileMode mode, FileAccess access, Int32 rights, Boolean useRights, FileShare share, Int32 bufferSize, FileOptions options, SECURITY_ATTRIBUTES secAttrs, String msgPath, Boolean bFromProxy, Boolean useLongPath, Boolean checkHost)
   en System.IO.FileStream..ctor(String path, FileMode mode, FileAccess access, FileShare share, Int32 bufferSize)
   en System.Xml.XmlDownloadManager.GetStream(Uri uri, ICredentials credentials, IWebProxy proxy, RequestCachePolicy cachePolicy)
   en System.Xml.XmlUrlResolver.GetEntity(Uri absoluteUri, String role, Type ofObjectToReturn)
   en System.Xml.XmlTextReaderImpl.OpenUrlDelegate(Object xmlResolver)
   en System.Threading.CompressedStack.runTryCode(Object userData)
   en System.Runtime.CompilerServices.RuntimeHelpers.ExecuteCodeWithGuaranteedCleanup(TryCode code, CleanupCode backoutCode, Object userData)
   en System.Threading.CompressedStack.Run(CompressedStack compressedStack, ContextCallback callback, Object state)
   en System.Xml.XmlTextReaderImpl.OpenUrl()
   en System.Xml.XmlTextReaderImpl.Read()
   en System.Xml.XmlTextReader.Read()
   en System.Xml.XmlReader.MoveToContent()
   en Microsoft.Xml.Serialization.GeneratedAssembly.XmlSerializationReaderObjDef.Read33_ObjDef()
   --- Fin del seguimiento de la pila de la excepción interna ---
   en System.Xml.Serialization.XmlSerializer.Deserialize(XmlReader xmlReader, String encodingStyle, XmlDeserializationEvents events)
   en SonicRetro.SonLVL.API.XMLDef.ObjDef.Load(String filename) en D:\Programs\SonLVL\SonLVLAPI\XMLDef.cs:línea 51
   en SonicRetro.SonLVL.API.XMLObjectDefinition.Init(ObjectData data) en D:\Programs\SonLVL\SonLVLAPI\ObjectDefinition.cs:línea 692
   en SonicRetro.SonLVL.API.LevelData.<>c__DisplayClass102_0.<InitObjectDefinitions>b__0(KeyValuePair`2 group) en D:\Programs\SonLVL\SonLVLAPI\LevelData.cs:línea 1578
   en System.Threading.Tasks.Parallel.<>c__DisplayClass42_0`2.<PartitionerForEachWorker>b__1()
   en System.Threading.Tasks.Task.InnerInvoke()
   en System.Threading.Tasks.Task.InnerInvokeWithArg(Task childTask)
   en System.Threading.Tasks.Task.<>c__DisplayClass176_0.<ExecuteSelfReplicating>b__0(Object <p0>)<---

Opening INI file "F:\Documentos\Hacks de sonic\Beta Remakes\WCES Replica\SonLVL INI Files\SonLVL.ini"...
Game type is S1.
Loading Sparkling Zone Act 2...
Loading palette file "../palette/Sonic.bin"...
Source: 0 Destination: 0 Length: 16
Loading 8x8 tiles from file "../artnem/8x8 - SZ.bin", using compression Nemesis...
Loading 256x256 chunks from file "../map256/SZ.bin", using compression Kosinski...
Loading 16x16 blocks from file "../map16/SZ.bin", using compression Uncompressed...
Loading FG layout from file "../levels/sz2.bin", using compression Uncompressed...
Loading BG layout from file "../levels/szbg.bin", using compression Uncompressed...
Loading palette file "../palette/Sparkling Zone.bin"...
Source: 0 Destination: 16 Length: 48
Loading FG layout from file "../levels/sz1.bin", using compression Uncompressed...
Loading FG layout from file "../levels/sz3.bin", using compression Uncompressed...
Loading object definition file "obj.ini".
Loading object definition file "objSZ.ini".
Loading ObjectDefinition type S1ObjectDefinitions.Common.Ring from "Common\Ring.cs"...
Loading type from cached assembly "dllcache\S1ObjectDefinitions.Common.Ring.dll"...
Error loading object definition Siren Light:
System.IO.FileNotFoundException: No se pudo encontrar el archivo 'F:\Documentos\Hacks de sonic\Beta Remakes\WCES Replica\_maps\Light.asm'.
Nombre de archivo: 'F:\Documentos\Hacks de sonic\Beta Remakes\WCES Replica\_maps\Light.asm'
   en System.IO.__Error.WinIOError(Int32 errorCode, String maybeFullPath)
   en System.IO.FileStream.Init(String path, FileMode mode, FileAccess access, Int32 rights, Boolean useRights, FileShare share, Int32 bufferSize, FileOptions options, SECURITY_ATTRIBUTES secAttrs, String msgPath, Boolean bFromProxy, Boolean useLongPath, Boolean checkHost)
   en System.IO.FileStream..ctor(String path, FileMode mode, FileAccess access, FileShare share, Int32 bufferSize, FileOptions options, String msgPath, Boolean bFromProxy, Boolean useLongPath, Boolean checkHost)
   en System.IO.StreamReader..ctor(String path, Encoding encoding, Boolean detectEncodingFromByteOrderMarks, Int32 bufferSize, Boolean checkHost)
   en System.IO.StreamReader..ctor(String path, Encoding encoding)
   en System.IO.File.InternalReadAllLines(String path, Encoding encoding)
   en System.IO.File.ReadAllLines(String path)
   en SonicRetro.SonLVL.API.LevelData.GetASMLabels(String file, Int32 sti, EngineVersion version) en D:\Programs\SonLVL\SonLVLAPI\LevelData.cs:línea 2026
   en SonicRetro.SonLVL.API.LevelData.ASMToBin(String file, Int32 sti, EngineVersion version, Dictionary`2& labels) en D:\Programs\SonLVL\SonLVLAPI\LevelData.cs:línea 1813
   en SonicRetro.SonLVL.API.ObjectHelper.MapASMToBmp(Byte[] artfile, String mapfileloc, Int32 frame, Int32 startpal, Boolean priority, EngineVersion version) en D:\Programs\SonLVL\SonLVLAPI\ObjectHelper.cs:línea 29
   en SonicRetro.SonLVL.API.DefaultObjectDefinition.Init(ObjectData data) en D:\Programs\SonLVL\SonLVLAPI\ObjectDefinition.cs:línea 532
Error loading object definition Crabmeat:
System.IO.FileNotFoundException: No se pudo encontrar el archivo 'F:\Documentos\Hacks de sonic\Beta Remakes\WCES Replica\_maps\Crabmeat.asm'.
Nombre de archivo: 'F:\Documentos\Hacks de sonic\Beta Remakes\WCES Replica\_maps\Crabmeat.asm'
   en System.IO.__Error.WinIOError(Int32 errorCode, String maybeFullPath)
   en System.IO.FileStream.Init(String path, FileMode mode, FileAccess access, Int32 rights, Boolean useRights, FileShare share, Int32 bufferSize, FileOptions options, SECURITY_ATTRIBUTES secAttrs, String msgPath, Boolean bFromProxy, Boolean useLongPath, Boolean checkHost)
   en System.IO.FileStream..ctor(String path, FileMode mode, FileAccess access, FileShare share, Int32 bufferSize, FileOptions options, String msgPath, Boolean bFromProxy, Boolean useLongPath, Boolean checkHost)
   en System.IO.StreamReader..ctor(String path, Encoding encoding, Boolean detectEncodingFromByteOrderMarks, Int32 bufferSize, Boolean checkHost)
   en System.IO.StreamReader..ctor(String path, Encoding encoding)
   en System.IO.File.InternalReadAllLines(String path, Encoding encoding)
   en System.IO.File.ReadAllLines(String path)
   en SonicRetro.SonLVL.API.LevelData.GetASMLabels(String file, Int32 sti, EngineVersion version) en D:\Programs\SonLVL\SonLVLAPI\LevelData.cs:línea 2026
   en SonicRetro.SonLVL.API.LevelData.ASMToBin(String file, Int32 sti, EngineVersion version, Dictionary`2& labels) en D:\Programs\SonLVL\SonLVLAPI\LevelData.cs:línea 1813
   en SonicRetro.SonLVL.API.ObjectHelper.MapASMToBmp(Byte[] artfile, String mapfileloc, Int32 frame, Int32 startpal, Boolean priority, EngineVersion version) en D:\Programs\SonLVL\SonLVLAPI\ObjectHelper.cs:línea 29
   en SonicRetro.SonLVL.API.DefaultObjectDefinition.Init(ObjectData data) en D:\Programs\SonLVL\SonLVLAPI\ObjectDefinition.cs:línea 532
System.AggregateException: Se han producido uno o varios errores. ---> System.InvalidOperationException: Error en el documento XML (0, 0). ---> System.IO.DirectoryNotFoundException: No se puede encontrar una parte de la ruta de acceso 'F:\Documentos\Hacks de sonic\Beta Remakes\WCES Replica\SonLVL INI Files\SYZ\Platform.xml'.
   en System.IO.__Error.WinIOError(Int32 errorCode, String maybeFullPath)
   en System.IO.FileStream.Init(String path, FileMode mode, FileAccess access, Int32 rights, Boolean useRights, FileShare share, Int32 bufferSize, FileOptions options, SECURITY_ATTRIBUTES secAttrs, String msgPath, Boolean bFromProxy, Boolean useLongPath, Boolean checkHost)
   en System.IO.FileStream..ctor(String path, FileMode mode, FileAccess access, FileShare share, Int32 bufferSize)
   en System.Xml.XmlDownloadManager.GetStream(Uri uri, ICredentials credentials, IWebProxy proxy, RequestCachePolicy cachePolicy)
   en System.Xml.XmlUrlResolver.GetEntity(Uri absoluteUri, String role, Type ofObjectToReturn)
   en System.Xml.XmlTextReaderImpl.OpenUrlDelegate(Object xmlResolver)
   en System.Threading.CompressedStack.runTryCode(Object userData)
   en System.Runtime.CompilerServices.RuntimeHelpers.ExecuteCodeWithGuaranteedCleanup(TryCode code, CleanupCode backoutCode, Object userData)
   en System.Threading.CompressedStack.Run(CompressedStack compressedStack, ContextCallback callback, Object state)
   en System.Xml.XmlTextReaderImpl.OpenUrl()
   en System.Xml.XmlTextReaderImpl.Read()
   en System.Xml.XmlTextReader.Read()
   en System.Xml.XmlReader.MoveToContent()
   en Microsoft.Xml.Serialization.GeneratedAssembly.XmlSerializationReaderObjDef.Read33_ObjDef()
   --- Fin del seguimiento de la pila de la excepción interna ---
   en System.Xml.Serialization.XmlSerializer.Deserialize(XmlReader xmlReader, String encodingStyle, XmlDeserializationEvents events)
   en SonicRetro.SonLVL.API.XMLDef.ObjDef.Load(String filename) en D:\Programs\SonLVL\SonLVLAPI\XMLDef.cs:línea 51
   en SonicRetro.SonLVL.API.XMLObjectDefinition.Init(ObjectData data) en D:\Programs\SonLVL\SonLVLAPI\ObjectDefinition.cs:línea 692
   en SonicRetro.SonLVL.API.LevelData.<>c__DisplayClass102_0.<InitObjectDefinitions>b__0(KeyValuePair`2 group) en D:\Programs\SonLVL\SonLVLAPI\LevelData.cs:línea 1578
   en System.Threading.Tasks.Parallel.<>c__DisplayClass42_0`2.<PartitionerForEachWorker>b__1()
   en System.Threading.Tasks.Task.InnerInvoke()
   en System.Threading.Tasks.Task.InnerInvokeWithArg(Task childTask)
   en System.Threading.Tasks.Task.<>c__DisplayClass176_0.<ExecuteSelfReplicating>b__0(Object <p0>)
   --- Fin del seguimiento de la pila de la excepción interna ---
   en System.Threading.Tasks.Task.ThrowIfExceptional(Boolean includeTaskCanceledExceptions)
   en System.Threading.Tasks.Task.Wait(Int32 millisecondsTimeout, CancellationToken cancellationToken)
   en System.Threading.Tasks.Task.Wait()
   en System.Threading.Tasks.Parallel.PartitionerForEachWorker[TSource,TLocal](Partitioner`1 source, ParallelOptions parallelOptions, Action`1 simpleBody, Action`2 bodyWithState, Action`3 bodyWithStateAndIndex, Func`4 bodyWithStateAndLocal, Func`5 bodyWithEverything, Func`1 localInit, Action`1 localFinally)
   en System.Threading.Tasks.Parallel.ForEachWorker[TSource,TLocal](IEnumerable`1 source, ParallelOptions parallelOptions, Action`1 body, Action`2 bodyWithState, Action`3 bodyWithStateAndIndex, Func`4 bodyWithStateAndLocal, Func`5 bodyWithEverything, Func`1 localInit, Action`1 localFinally)
   en System.Threading.Tasks.Parallel.ForEach[TSource](IEnumerable`1 source, Action`1 body)
   en SonicRetro.SonLVL.API.LevelData.InitObjectDefinitions() en D:\Programs\SonLVL\SonLVLAPI\LevelData.cs:línea 1505
   en SonicRetro.SonLVL.API.LevelData.LoadLevel(String levelname, Boolean loadGraphics) en D:\Programs\SonLVL\SonLVLAPI\LevelData.cs:línea 319
   en SonicRetro.SonLVL.GUI.MainForm.backgroundLevelLoader_DoWork(Object sender, DoWorkEventArgs e) en D:\Programs\SonLVL\SonLVL\MainForm.cs:línea 574
---> (Nº de excepción interna 0) System.InvalidOperationException: Error en el documento XML (0, 0). ---> System.IO.DirectoryNotFoundException: No se puede encontrar una parte de la ruta de acceso 'F:\Documentos\Hacks de sonic\Beta Remakes\WCES Replica\SonLVL INI Files\SYZ\Platform.xml'.
   en System.IO.__Error.WinIOError(Int32 errorCode, String maybeFullPath)
   en System.IO.FileStream.Init(String path, FileMode mode, FileAccess access, Int32 rights, Boolean useRights, FileShare share, Int32 bufferSize, FileOptions options, SECURITY_ATTRIBUTES secAttrs, String msgPath, Boolean bFromProxy, Boolean useLongPath, Boolean checkHost)
   en System.IO.FileStream..ctor(String path, FileMode mode, FileAccess access, FileShare share, Int32 bufferSize)
   en System.Xml.XmlDownloadManager.GetStream(Uri uri, ICredentials credentials, IWebProxy proxy, RequestCachePolicy cachePolicy)
   en System.Xml.XmlUrlResolver.GetEntity(Uri absoluteUri, String role, Type ofObjectToReturn)
   en System.Xml.XmlTextReaderImpl.OpenUrlDelegate(Object xmlResolver)
   en System.Threading.CompressedStack.runTryCode(Object userData)
   en System.Runtime.CompilerServices.RuntimeHelpers.ExecuteCodeWithGuaranteedCleanup(TryCode code, CleanupCode backoutCode, Object userData)
   en System.Threading.CompressedStack.Run(CompressedStack compressedStack, ContextCallback callback, Object state)
   en System.Xml.XmlTextReaderImpl.OpenUrl()
   en System.Xml.XmlTextReaderImpl.Read()
   en System.Xml.XmlTextReader.Read()
   en System.Xml.XmlReader.MoveToContent()
   en Microsoft.Xml.Serialization.GeneratedAssembly.XmlSerializationReaderObjDef.Read33_ObjDef()
   --- Fin del seguimiento de la pila de la excepción interna ---
   en System.Xml.Serialization.XmlSerializer.Deserialize(XmlReader xmlReader, String encodingStyle, XmlDeserializationEvents events)
   en SonicRetro.SonLVL.API.XMLDef.ObjDef.Load(String filename) en D:\Programs\SonLVL\SonLVLAPI\XMLDef.cs:línea 51
   en SonicRetro.SonLVL.API.XMLObjectDefinition.Init(ObjectData data) en D:\Programs\SonLVL\SonLVLAPI\ObjectDefinition.cs:línea 692
   en SonicRetro.SonLVL.API.LevelData.<>c__DisplayClass102_0.<InitObjectDefinitions>b__0(KeyValuePair`2 group) en D:\Programs\SonLVL\SonLVLAPI\LevelData.cs:línea 1578
   en System.Threading.Tasks.Parallel.<>c__DisplayClass42_0`2.<PartitionerForEachWorker>b__1()
   en System.Threading.Tasks.Task.InnerInvoke()
   en System.Threading.Tasks.Task.InnerInvokeWithArg(Task childTask)
   en System.Threading.Tasks.Task.<>c__DisplayClass176_0.<ExecuteSelfReplicating>b__0(Object <p0>)<---

Opening INI file "F:\Documentos\Hacks de sonic\Beta Remakes\WCES Replica\SonLVL INI Files\SonLVL.ini"...
Game type is S1.
Loading Sparkling Zone Act 2...
Loading palette file "../palette/Sonic.bin"...
Source: 0 Destination: 0 Length: 16
Loading 8x8 tiles from file "../artnem/8x8 - SZ.bin", using compression Nemesis...
Loading 256x256 chunks from file "../map256/SZ.bin", using compression Kosinski...
Loading 16x16 blocks from file "../map16/SZ.bin", using compression Uncompressed...
Loading FG layout from file "../levels/sz2.bin", using compression Uncompressed...
Loading BG layout from file "../levels/szbg.bin", using compression Uncompressed...
Loading palette file "../palette/Sparkling Zone.bin"...
Source: 0 Destination: 16 Length: 48
Loading FG layout from file "../levels/sz1.bin", using compression Uncompressed...
Loading FG layout from file "../levels/sz3.bin", using compression Uncompressed...
Loading object definition file "obj.ini".
Loading object definition file "objSZ.ini".
Loading ObjectDefinition type S1ObjectDefinitions.Common.Ring from "Common\Ring.cs"...
Loading type from cached assembly "dllcache\S1ObjectDefinitions.Common.Ring.dll"...
Error loading object definition Siren Light:
System.IO.FileNotFoundException: No se pudo encontrar el archivo 'F:\Documentos\Hacks de sonic\Beta Remakes\WCES Replica\_maps\Light.asm'.
Nombre de archivo: 'F:\Documentos\Hacks de sonic\Beta Remakes\WCES Replica\_maps\Light.asm'
   en System.IO.__Error.WinIOError(Int32 errorCode, String maybeFullPath)
   en System.IO.FileStream.Init(String path, FileMode mode, FileAccess access, Int32 rights, Boolean useRights, FileShare share, Int32 bufferSize, FileOptions options, SECURITY_ATTRIBUTES secAttrs, String msgPath, Boolean bFromProxy, Boolean useLongPath, Boolean checkHost)
   en System.IO.FileStream..ctor(String path, FileMode mode, FileAccess access, FileShare share, Int32 bufferSize, FileOptions options, String msgPath, Boolean bFromProxy, Boolean useLongPath, Boolean checkHost)
   en System.IO.StreamReader..ctor(String path, Encoding encoding, Boolean detectEncodingFromByteOrderMarks, Int32 bufferSize, Boolean checkHost)
   en System.IO.StreamReader..ctor(String path, Encoding encoding)
   en System.IO.File.InternalReadAllLines(String path, Encoding encoding)
   en System.IO.File.ReadAllLines(String path)
   en SonicRetro.SonLVL.API.LevelData.GetASMLabels(String file, Int32 sti, EngineVersion version) en D:\Programs\SonLVL\SonLVLAPI\LevelData.cs:línea 2026
   en SonicRetro.SonLVL.API.LevelData.ASMToBin(String file, Int32 sti, EngineVersion version, Dictionary`2& labels) en D:\Programs\SonLVL\SonLVLAPI\LevelData.cs:línea 1813
   en SonicRetro.SonLVL.API.ObjectHelper.MapASMToBmp(Byte[] artfile, String mapfileloc, Int32 frame, Int32 startpal, Boolean priority, EngineVersion version) en D:\Programs\SonLVL\SonLVLAPI\ObjectHelper.cs:línea 29
   en SonicRetro.SonLVL.API.DefaultObjectDefinition.Init(ObjectData data) en D:\Programs\SonLVL\SonLVLAPI\ObjectDefinition.cs:línea 532
System.AggregateException: Se han producido uno o varios errores. ---> System.InvalidOperationException: Error en el documento XML (0, 0). ---> System.IO.DirectoryNotFoundException: No se puede encontrar una parte de la ruta de acceso 'F:\Documentos\Hacks de sonic\Beta Remakes\WCES Replica\SonLVL INI Files\SYZ\Platform.xml'.
   en System.IO.__Error.WinIOError(Int32 errorCode, String maybeFullPath)
   en System.IO.FileStream.Init(String path, FileMode mode, FileAccess access, Int32 rights, Boolean useRights, FileShare share, Int32 bufferSize, FileOptions options, SECURITY_ATTRIBUTES secAttrs, String msgPath, Boolean bFromProxy, Boolean useLongPath, Boolean checkHost)
   en System.IO.FileStream..ctor(String path, FileMode mode, FileAccess access, FileShare share, Int32 bufferSize)
   en System.Xml.XmlDownloadManager.GetStream(Uri uri, ICredentials credentials, IWebProxy proxy, RequestCachePolicy cachePolicy)
   en System.Xml.XmlUrlResolver.GetEntity(Uri absoluteUri, String role, Type ofObjectToReturn)
   en System.Xml.XmlTextReaderImpl.OpenUrlDelegate(Object xmlResolver)
   en System.Threading.CompressedStack.runTryCode(Object userData)
   en System.Runtime.CompilerServices.RuntimeHelpers.ExecuteCodeWithGuaranteedCleanup(TryCode code, CleanupCode backoutCode, Object userData)
   en System.Threading.CompressedStack.Run(CompressedStack compressedStack, ContextCallback callback, Object state)
   en System.Xml.XmlTextReaderImpl.OpenUrl()
   en System.Xml.XmlTextReaderImpl.Read()
   en System.Xml.XmlTextReader.Read()
   en System.Xml.XmlReader.MoveToContent()
   en Microsoft.Xml.Serialization.GeneratedAssembly.XmlSerializationReaderObjDef.Read33_ObjDef()
   --- Fin del seguimiento de la pila de la excepción interna ---
   en System.Xml.Serialization.XmlSerializer.Deserialize(XmlReader xmlReader, String encodingStyle, XmlDeserializationEvents events)
   en SonicRetro.SonLVL.API.XMLDef.ObjDef.Load(String filename) en D:\Programs\SonLVL\SonLVLAPI\XMLDef.cs:línea 51
   en SonicRetro.SonLVL.API.XMLObjectDefinition.Init(ObjectData data) en D:\Programs\SonLVL\SonLVLAPI\ObjectDefinition.cs:línea 692
   en SonicRetro.SonLVL.API.LevelData.<>c__DisplayClass102_0.<InitObjectDefinitions>b__0(KeyValuePair`2 group) en D:\Programs\SonLVL\SonLVLAPI\LevelData.cs:línea 1578
   en System.Threading.Tasks.Parallel.<>c__DisplayClass42_0`2.<PartitionerForEachWorker>b__1()
   en System.Threading.Tasks.Task.InnerInvoke()
   en System.Threading.Tasks.Task.InnerInvokeWithArg(Task childTask)
   en System.Threading.Tasks.Task.<>c__DisplayClass176_0.<ExecuteSelfReplicating>b__0(Object <p0>)
   --- Fin del seguimiento de la pila de la excepción interna ---
   en System.Threading.Tasks.Task.ThrowIfExceptional(Boolean includeTaskCanceledExceptions)
   en System.Threading.Tasks.Task.Wait(Int32 millisecondsTimeout, CancellationToken cancellationToken)
   en System.Threading.Tasks.Task.Wait()
   en System.Threading.Tasks.Parallel.PartitionerForEachWorker[TSource,TLocal](Partitioner`1 source, ParallelOptions parallelOptions, Action`1 simpleBody, Action`2 bodyWithState, Action`3 bodyWithStateAndIndex, Func`4 bodyWithStateAndLocal, Func`5 bodyWithEverything, Func`1 localInit, Action`1 localFinally)
   en System.Threading.Tasks.Parallel.ForEachWorker[TSource,TLocal](IEnumerable`1 source, ParallelOptions parallelOptions, Action`1 body, Action`2 bodyWithState, Action`3 bodyWithStateAndIndex, Func`4 bodyWithStateAndLocal, Func`5 bodyWithEverything, Func`1 localInit, Action`1 localFinally)
   en System.Threading.Tasks.Parallel.ForEach[TSource](IEnumerable`1 source, Action`1 body)
   en SonicRetro.SonLVL.API.LevelData.InitObjectDefinitions() en D:\Programs\SonLVL\SonLVLAPI\LevelData.cs:línea 1505
   en SonicRetro.SonLVL.API.LevelData.LoadLevel(String levelname, Boolean loadGraphics) en D:\Programs\SonLVL\SonLVLAPI\LevelData.cs:línea 319
   en SonicRetro.SonLVL.GUI.MainForm.backgroundLevelLoader_DoWork(Object sender, DoWorkEventArgs e) en D:\Programs\SonLVL\SonLVL\MainForm.cs:línea 574
---> (Nº de excepción interna 0) System.InvalidOperationException: Error en el documento XML (0, 0). ---> System.IO.DirectoryNotFoundException: No se puede encontrar una parte de la ruta de acceso 'F:\Documentos\Hacks de sonic\Beta Remakes\WCES Replica\SonLVL INI Files\SYZ\Platform.xml'.
   en System.IO.__Error.WinIOError(Int32 errorCode, String maybeFullPath)
   en System.IO.FileStream.Init(String path, FileMode mode, FileAccess access, Int32 rights, Boolean useRights, FileShare share, Int32 bufferSize, FileOptions options, SECURITY_ATTRIBUTES secAttrs, String msgPath, Boolean bFromProxy, Boolean useLongPath, Boolean checkHost)
   en System.IO.FileStream..ctor(String path, FileMode mode, FileAccess access, FileShare share, Int32 bufferSize)
   en System.Xml.XmlDownloadManager.GetStream(Uri uri, ICredentials credentials, IWebProxy proxy, RequestCachePolicy cachePolicy)
   en System.Xml.XmlUrlResolver.GetEntity(Uri absoluteUri, String role, Type ofObjectToReturn)
   en System.Xml.XmlTextReaderImpl.OpenUrlDelegate(Object xmlResolver)
   en System.Threading.CompressedStack.runTryCode(Object userData)
   en System.Runtime.CompilerServices.RuntimeHelpers.ExecuteCodeWithGuaranteedCleanup(TryCode code, CleanupCode backoutCode, Object userData)
   en System.Threading.CompressedStack.Run(CompressedStack compressedStack, ContextCallback callback, Object state)
   en System.Xml.XmlTextReaderImpl.OpenUrl()
   en System.Xml.XmlTextReaderImpl.Read()
   en System.Xml.XmlTextReader.Read()
   en System.Xml.XmlReader.MoveToContent()
   en Microsoft.Xml.Serialization.GeneratedAssembly.XmlSerializationReaderObjDef.Read33_ObjDef()
   --- Fin del seguimiento de la pila de la excepción interna ---
   en System.Xml.Serialization.XmlSerializer.Deserialize(XmlReader xmlReader, String encodingStyle, XmlDeserializationEvents events)
   en SonicRetro.SonLVL.API.XMLDef.ObjDef.Load(String filename) en D:\Programs\SonLVL\SonLVLAPI\XMLDef.cs:línea 51
   en SonicRetro.SonLVL.API.XMLObjectDefinition.Init(ObjectData data) en D:\Programs\SonLVL\SonLVLAPI\ObjectDefinition.cs:línea 692
   en SonicRetro.SonLVL.API.LevelData.<>c__DisplayClass102_0.<InitObjectDefinitions>b__0(KeyValuePair`2 group) en D:\Programs\SonLVL\SonLVLAPI\LevelData.cs:línea 1578
   en System.Threading.Tasks.Parallel.<>c__DisplayClass42_0`2.<PartitionerForEachWorker>b__1()
   en System.Threading.Tasks.Task.InnerInvoke()
   en System.Threading.Tasks.Task.InnerInvokeWithArg(Task childTask)
   en System.Threading.Tasks.Task.<>c__DisplayClass176_0.<ExecuteSelfReplicating>b__0(Object <p0>)<---

